
Cadence Innovus(TM) Implementation System.
Copyright 2017 Cadence Design Systems, Inc. All rights reserved worldwide.

Version:	v17.11-s080_1, built Fri Aug 4 11:13:11 PDT 2017
Options:	
Date:		Thu Feb 18 22:57:00 2021
Host:		localhost.localdomain (x86_64 w/Linux 3.10.0-957.5.1.el7.x86_64) (1core*2cpus*Westmere E56xx/L56xx/X56xx (Nehalem-C) 4096KB)
OS:		CentOS Linux release 7.6.1810 (Core) 

License:
		invs	Innovus Implementation System	17.1	checkout succeeded
		8 CPU jobs allowed with the current license(s). Use setMultiCpuUsage to set your required CPU count.
Change the soft stacksize limit to 0.2%RAM (31 mbytes). Set global soft_stack_size_limit to change the value.

**INFO:  MMMC transition support version v31-84 

<CMD> set_global _enable_mmmc_by_default_flow      $CTE::mmmc_default
<CMD> suppressMessage ENCEXT-2799
<CMD> getDrawView
<CMD> loadWorkspace -name Physical
<CMD> win
<CMD> encMessage warning 0
Suppress "**WARN ..." messages.
<CMD> encMessage debug 0
<CMD> encMessage info 0
**WARN: (GLOBAL-100):	Global 'timing_enable_default_delay_arc' has become obsolete. It will be removed in the next release.
my_rc
Loading view definition file from /home/isa17/Desktop/ISA-laboratories/lab3/RISC_V/innovus/RISCV.dat/viewDefinition.tcl
**WARN: (TECHLIB-436):	Attribute 'max_fanout' on 'output/inout' pin 'ZN' of cell 'AND2_X1' is not defined in the library. (File /software/dk/nangate45/liberty/NangateOpenCellLibrary_typical_ecsm_nowlm.lib)
**WARN: (TECHLIB-436):	Attribute 'max_fanout' on 'output/inout' pin 'ZN' of cell 'AND2_X2' is not defined in the library. (File /software/dk/nangate45/liberty/NangateOpenCellLibrary_typical_ecsm_nowlm.lib)
**WARN: (TECHLIB-436):	Attribute 'max_fanout' on 'output/inout' pin 'ZN' of cell 'AND2_X4' is not defined in the library. (File /software/dk/nangate45/liberty/NangateOpenCellLibrary_typical_ecsm_nowlm.lib)
**WARN: (TECHLIB-436):	Attribute 'max_fanout' on 'output/inout' pin 'ZN' of cell 'AND3_X1' is not defined in the library. (File /software/dk/nangate45/liberty/NangateOpenCellLibrary_typical_ecsm_nowlm.lib)
**WARN: (TECHLIB-436):	Attribute 'max_fanout' on 'output/inout' pin 'ZN' of cell 'AND3_X2' is not defined in the library. (File /software/dk/nangate45/liberty/NangateOpenCellLibrary_typical_ecsm_nowlm.lib)
**WARN: (TECHLIB-436):	Attribute 'max_fanout' on 'output/inout' pin 'ZN' of cell 'AND3_X4' is not defined in the library. (File /software/dk/nangate45/liberty/NangateOpenCellLibrary_typical_ecsm_nowlm.lib)
**WARN: (TECHLIB-436):	Attribute 'max_fanout' on 'output/inout' pin 'ZN' of cell 'AND4_X1' is not defined in the library. (File /software/dk/nangate45/liberty/NangateOpenCellLibrary_typical_ecsm_nowlm.lib)
**WARN: (TECHLIB-436):	Attribute 'max_fanout' on 'output/inout' pin 'ZN' of cell 'AND4_X2' is not defined in the library. (File /software/dk/nangate45/liberty/NangateOpenCellLibrary_typical_ecsm_nowlm.lib)
**WARN: (TECHLIB-436):	Attribute 'max_fanout' on 'output/inout' pin 'ZN' of cell 'AND4_X4' is not defined in the library. (File /software/dk/nangate45/liberty/NangateOpenCellLibrary_typical_ecsm_nowlm.lib)
**WARN: (TECHLIB-436):	Attribute 'max_fanout' on 'output/inout' pin 'ZN' of cell 'AOI21_X1' is not defined in the library. (File /software/dk/nangate45/liberty/NangateOpenCellLibrary_typical_ecsm_nowlm.lib)
**WARN: (TECHLIB-436):	Attribute 'max_fanout' on 'output/inout' pin 'ZN' of cell 'AOI21_X2' is not defined in the library. (File /software/dk/nangate45/liberty/NangateOpenCellLibrary_typical_ecsm_nowlm.lib)
**WARN: (TECHLIB-436):	Attribute 'max_fanout' on 'output/inout' pin 'ZN' of cell 'AOI21_X4' is not defined in the library. (File /software/dk/nangate45/liberty/NangateOpenCellLibrary_typical_ecsm_nowlm.lib)
**WARN: (TECHLIB-436):	Attribute 'max_fanout' on 'output/inout' pin 'ZN' of cell 'AOI22_X1' is not defined in the library. (File /software/dk/nangate45/liberty/NangateOpenCellLibrary_typical_ecsm_nowlm.lib)
**WARN: (TECHLIB-436):	Attribute 'max_fanout' on 'output/inout' pin 'ZN' of cell 'AOI22_X2' is not defined in the library. (File /software/dk/nangate45/liberty/NangateOpenCellLibrary_typical_ecsm_nowlm.lib)
**WARN: (TECHLIB-436):	Attribute 'max_fanout' on 'output/inout' pin 'ZN' of cell 'AOI22_X4' is not defined in the library. (File /software/dk/nangate45/liberty/NangateOpenCellLibrary_typical_ecsm_nowlm.lib)
**WARN: (TECHLIB-436):	Attribute 'max_fanout' on 'output/inout' pin 'ZN' of cell 'AOI211_X1' is not defined in the library. (File /software/dk/nangate45/liberty/NangateOpenCellLibrary_typical_ecsm_nowlm.lib)
**WARN: (TECHLIB-436):	Attribute 'max_fanout' on 'output/inout' pin 'ZN' of cell 'AOI211_X2' is not defined in the library. (File /software/dk/nangate45/liberty/NangateOpenCellLibrary_typical_ecsm_nowlm.lib)
**WARN: (TECHLIB-436):	Attribute 'max_fanout' on 'output/inout' pin 'ZN' of cell 'AOI211_X4' is not defined in the library. (File /software/dk/nangate45/liberty/NangateOpenCellLibrary_typical_ecsm_nowlm.lib)
**WARN: (TECHLIB-436):	Attribute 'max_fanout' on 'output/inout' pin 'ZN' of cell 'AOI221_X1' is not defined in the library. (File /software/dk/nangate45/liberty/NangateOpenCellLibrary_typical_ecsm_nowlm.lib)
**WARN: (TECHLIB-436):	Attribute 'max_fanout' on 'output/inout' pin 'ZN' of cell 'AOI221_X2' is not defined in the library. (File /software/dk/nangate45/liberty/NangateOpenCellLibrary_typical_ecsm_nowlm.lib)
*** End library_loading (cpu=0.03min, real=0.05min, mem=35.7M, fe_cpu=0.42min, fe_real=1.72min, fe_mem=548.0M) ***
*** Netlist is unique.
Loading preference file /home/isa17/Desktop/ISA-laboratories/lab3/RISC_V/innovus/RISCV.dat/gui.pref.tcl ...
**WARN: (IMPTCM-77):	Option "-drouteStartIteration" for command setNanoRouteMode is obsolete and will be removed in a future release. The obsolete option still works in this release but to avoid this warning and to ensure compatibility with future releases, remove the obsolete option from your script.
**WARN: (GLOBAL-100):	Global 'timing_enable_default_delay_arc' has become obsolete. It will be removed in the next release.
'set_default_switching_activity' finished successfully.
my_rc
<CMD> reset_parasitics
Performing RC Extraction ...
<CMD> extractRC
Extraction called for design 'RISCV' of instances=33326 and nets=11426 using extraction engine 'postRoute' at effort level 'low' .
**WARN: (IMPEXT-3530):	The process node is not set. Use the command setDesignMode -process <process node> prior to extraction for maximum accuracy and optimal automatic threshold setting.
Type 'man IMPEXT-3530' for more detail.
PostRoute (effortLevel low) RC Extraction called for design RISCV.
RC Extraction called in multi-corner(1) mode.
Process corner(s) are loaded.
 Corner: my_rc
extractDetailRC Option : -outfile /tmp/innovus_temp_24438_localhost.localdomain_isa17_5cYPYe/RISCV_24438_ArJ6wz.rcdb.d  -extended
RC Mode: PostRoute -effortLevel low [Extended CapTable, RC Table Resistances]
      RC Corner Indexes            0   
Capacitance Scaling Factor   : 1.00000 
Coupling Cap. Scaling Factor : 1.00000 
Resistance Scaling Factor    : 1.00000 
Clock Cap. Scaling Factor    : 1.00000 
Clock Res. Scaling Factor    : 1.00000 
Shrink Factor                : 1.00000
Initializing multi-corner capacitance tables ... 
Initializing multi-corner resistance tables ...
Checking LVS Completed (CPU Time= 0:00:00.1  MEM= 912.2M)
Extracted 10.0012% (CPU Time= 0:00:00.4  MEM= 977.0M)
Extracted 20.0009% (CPU Time= 0:00:00.5  MEM= 980.0M)
Extracted 30.0013% (CPU Time= 0:00:00.5  MEM= 980.0M)
Extracted 40.001% (CPU Time= 0:00:00.7  MEM= 982.0M)
Extracted 50.0015% (CPU Time= 0:00:00.8  MEM= 984.0M)
Extracted 60.0012% (CPU Time= 0:00:01.0  MEM= 985.0M)
Extracted 70.0009% (CPU Time= 0:00:01.2  MEM= 987.0M)
Extracted 80.0013% (CPU Time= 0:00:01.4  MEM= 989.0M)
Extracted 90.001% (CPU Time= 0:00:01.6  MEM= 990.0M)
Extracted 100% (CPU Time= 0:00:02.1  MEM= 998.0M)
Number of Extracted Resistors     : 206023
Number of Extracted Ground Cap.   : 217099
Number of Extracted Coupling Cap. : 325680
Filtering XCap in 'relativeOnly' mode using values relative_c_threshold=0.03 and total_c_threshold=5fF.
 Corner: my_rc
Checking LVS Completed (CPU Time= 0:00:00.1  MEM= 982.0M)
PostRoute (effortLevel low) RC Extraction DONE (CPU Time: 0:00:02.8  Real Time: 0:00:06.0  MEM: 982.023M)
<CMD> rcOut -setload RISCV.setload -rc_corner my_rc
RC Out has the following PVT Info:
   RC:my_rc, Operating temperature 25 C
RC Out from RCDB Completed (CPU Time= 0:00:00.1  MEM= 982.0M)
<CMD> rcOut -setres RISCV.setres -rc_corner my_rc
RC Out has the following PVT Info:
   RC:my_rc, Operating temperature 25 C
RC Out from RCDB Completed (CPU Time= 0:00:00.1  MEM= 982.0M)
<CMD> rcOut -spf RISCV.spf -rc_corner my_rc
RC Out has the following PVT Info:
   RC:my_rc, Operating temperature 25 C
Printing *|NET...
RC Out from RCDB Completed (CPU Time= 0:00:02.2  MEM= 982.0M)
<CMD> rcOut -spef RISCV.spef -rc_corner my_rc
RC Out has the following PVT Info:
   RC:my_rc, Operating temperature 25 C
Dumping Spef file.....
Printing D_NET...
RC Out from RCDB Completed (CPU Time= 0:00:00.9  MEM= 982.0M)
<CMD> set_power_analysis_mode -reset
<CMD> set_power_analysis_mode -method static -corner max -create_binary_db true -write_static_currents true -honor_negative_energy true -ignore_control_signals true
**ERROR: (VOLTUS-1089):	Activity file () does not exist.
<CMD> set_power_output_dir -reset
<CMD> set_power_output_dir ./
<CMD> set_default_switching_activity -reset
<CMD> set_default_switching_activity -input_activity 0.2 -period 10.0
'set_default_switching_activity' finished successfully.
<CMD> read_activity_file -reset
<CMD> read_activity_file -format VCD -scope /tb_riscv/UUT -start {} -end {} -block {} ../vcd/design.vcd
'read_activity_file' finished successfully.
<CMD> set_power -reset
<CMD> set_powerup_analysis -reset
<CMD> set_dynamic_power_simulation -reset
<CMD> report_power -rail_analysis_format VS -outfile .//RISCV.rpt

Power Net Detected:
    Voltage	    Name
    0.00V	    VSS
    1.10V	    VDD
Starting SI iteration 1 using Infinite Timing Windows
#################################################################################
# Design Stage: PostRoute
# Design Name: RISCV
# Design Mode: 90nm
# Analysis Mode: MMMC OCV 
# Parasitics Mode: SPEF/RCDB
# Signoff Settings: SI On 
#################################################################################
AAE_INFO: 1 threads acquired from CTE.
Calculate early delays in OCV mode...
Calculate late delays in OCV mode...
Start delay calculation (fullDC) (1 T). (MEM=982.023)
Initializing multi-corner capacitance tables ... 
Initializing multi-corner resistance tables ...
AAE_INFO: 1 threads acquired from CTE.
Total number of fetched objects 13800
AAE_INFO-618: Total number of nets in the design is 11426,  100.0 percent of the nets selected for SI analysis
End delay calculation. (MEM=1219.68 CPU=0:00:08.6 REAL=0:00:13.0)
End delay calculation (fullDC). (MEM=1124.31 CPU=0:00:09.4 REAL=0:00:15.0)
Loading CTE timing window with TwFlowType 0...(CPU = 0:00:00.0, REAL = 0:00:00.0, MEM = 1122.3M)
Add other clocks and setupCteToAAEClockMapping during iter 1
Loading CTE timing window is completed (CPU = 0:00:00.1, REAL = 0:00:00.0, MEM = 1122.3M)
Starting SI iteration 2
Calculate early delays in OCV mode...
Calculate late delays in OCV mode...
Start delay calculation (fullDC) (1 T). (MEM=1130.36)
Glitch Analysis: View MyAnView -- Total Number of Nets Skipped = 0. 
Glitch Analysis: View MyAnView -- Total Number of Nets Analyzed = 13800. 
Total number of fetched objects 13800
AAE_INFO-618: Total number of nets in the design is 11426,  0.0 percent of the nets selected for SI analysis
End delay calculation. (MEM=1098.35 CPU=0:00:00.3 REAL=0:00:00.0)
End delay calculation (fullDC). (MEM=1098.35 CPU=0:00:00.4 REAL=0:00:01.0)

Begin Power Analysis

    0.00V	    VSS
    1.10V	    VDD

Begin Processing Timing Library for Power Calculation

Begin Processing Timing Library for Power Calculation



Begin Processing Power Net/Grid for Power Calculation

Ended Processing Power Net/Grid for Power Calculation: (cpu=0:00:00, real=0:00:00, mem(process/total)=876.07MB/876.07MB)

Begin Processing Timing Window Data for Power Calculation

MY_CLK(75.3012MHz) Ended Processing Timing Window Data for Power Calculation: (cpu=0:00:00, real=0:00:00, mem(process/total)=879.15MB/879.15MB)

Parsing VCD file ../vcd/design.vcd

Starting Reading VCD variables
2021-Feb-18 23:00:51 (2021-Feb-18 22:00:51 GMT)

Finished Reading VCD variables
2021-Feb-18 23:00:51 (2021-Feb-18 22:00:51 GMT)
**ERROR: (VOLTUS-1007):	** ERROR: (VOLTUS_POWR-1210): CPE was unable to complete
during the processing of VCD.
The Error was: 
** ERROR: (VOLTUS_POWR-1735):  [../vcd/design.vcd line 158178, col 1] syntax error

.

*** Memory Usage v#1 (Current mem = 1102.363M, initial mem = 187.688M) ***
*** Message Summary: 24 warning(s), 8 error(s)

--- Ending "Innovus" (totcpu=0:00:53.7, real=0:04:17, mem=1102.4M) ---
